{"nbformat":4,"nbformat_minor":0,"metadata":{"colab":{"provenance":[],"authorship_tag":"ABX9TyNEPZjMmDD4DHD+lXHFYQPB"},"kernelspec":{"name":"python3","display_name":"Python 3"},"language_info":{"name":"python"}},"cells":[{"cell_type":"code","execution_count":1,"metadata":{"colab":{"base_uri":"https://localhost:8080/"},"id":"srX9ABa2oTPZ","executionInfo":{"status":"ok","timestamp":1689261810886,"user_tz":-420,"elapsed":17355,"user":{"displayName":"Nguyễn Đức Quang Anh","userId":"05768917261476937201"}},"outputId":"d3ab6384-4f62-4fd2-f950-9f45c1e69937"},"outputs":[{"output_type":"stream","name":"stdout","text":["Mounted at /content/drive\n"]}],"source":["from google.colab import drive\n","drive.mount('/content/drive')"]},{"cell_type":"code","source":["cd /content/drive/MyDrive/NCKH/Emotion_Reg/Data/ASVP-ESD"],"metadata":{"colab":{"base_uri":"https://localhost:8080/"},"id":"RqeV0Qp_o1EF","executionInfo":{"status":"ok","timestamp":1689013336706,"user_tz":-420,"elapsed":1476,"user":{"displayName":"Nguyễn Đức Quang Anh","userId":"05768917261476937201"}},"outputId":"dd6ad86e-c51d-4f3f-bca8-533dd1629ed6"},"execution_count":null,"outputs":[{"output_type":"stream","name":"stdout","text":["/content/drive/MyDrive/NCKH/Emotion_Reg/Data/ASVP-ESD\n"]}]},{"cell_type":"code","source":["!pip install pydub"],"metadata":{"colab":{"base_uri":"https://localhost:8080/"},"id":"AQfbbipKqffz","executionInfo":{"status":"ok","timestamp":1689013343614,"user_tz":-420,"elapsed":4623,"user":{"displayName":"Nguyễn Đức Quang Anh","userId":"05768917261476937201"}},"outputId":"d0606e06-0e44-4910-e6ff-a066b00a2758"},"execution_count":null,"outputs":[{"output_type":"stream","name":"stdout","text":["Collecting pydub\n","  Downloading pydub-0.25.1-py2.py3-none-any.whl (32 kB)\n","Installing collected packages: pydub\n","Successfully installed pydub-0.25.1\n"]}]},{"cell_type":"code","source":["import os\n","import librosa\n","from pydub import AudioSegment"],"metadata":{"id":"_ZXpPZ_zqfnw"},"execution_count":null,"outputs":[]},{"cell_type":"code","source":["def cut_audio_into_segments(audio, segment_duration):\n","    segments = []\n","    total_duration = len(audio)\n","    segment_start = 0\n","    segment_end = segment_duration\n","\n","    while segment_end <= total_duration:\n","        segment = audio[segment_start:segment_end]\n","        segments.append(segment)\n","        segment_start += segment_duration\n","        segment_end += segment_duration\n","\n","    #add thêm phần thừa nếu nó nhỏ hơn 2s (Hoặc theo tùy chỉnh)\n","    if segment_start < total_duration:\n","        segment = audio[segment_start:]\n","        segments.append(segment)\n","\n","    return segments\n","\n","def process_audio_folder(input_folder, output_folder):\n","    for filename in os.listdir(input_folder):\n","        file_path = os.path.join(input_folder, filename)\n","\n","        if os.path.isfile(file_path) and filename.endswith(\".wav\"):\n","            audio = AudioSegment.from_file(file_path)\n","\n","            #pydub tính bằng milisec ở đây define seg_dur = 2000 tương đương với 2s\n","            segment_duration = 2000\n","\n","            #Cắt file audio thành nhiều phần\n","            segments = cut_audio_into_segments(audio, segment_duration)\n","\n","            #Export audio thành nhiều file\n","            for i, segment in enumerate(segments):\n","                output_file_path = os.path.join(output_folder, f\"segment_{i+1}_{filename}\")\n","                segment.export(output_file_path, format=\"wav\")\n","                print(f\"Da xu ly: {output_file_path}\")\n","\n","input_folder = \"/content/drive/MyDrive/NCKH/Emotion_Reg/Test datas\"\n","output_folder = \"/content/drive/MyDrive/NCKH/Emotion_Reg/OutputTest\"\n","\n","process_audio_folder(input_folder, output_folder)"],"metadata":{"id":"OOZpv6IQ3NLT"},"execution_count":null,"outputs":[]},{"cell_type":"code","source":["AUDIO_FILE = '/content/drive/MyDrive/NCKH/Emotion_Reg/OutputTest'\n","samples, sample_rate = librosa.load(AUDIO_FILE, sr=None)\n","print(\"samples: \", samples, samples.shape)\n","print(\"sample_rate: \", sample_rate)"],"metadata":{"colab":{"base_uri":"https://localhost:8080/","height":571},"id":"Jifck6g6ozoc","executionInfo":{"status":"error","timestamp":1689013358926,"user_tz":-420,"elapsed":5893,"user":{"displayName":"Nguyễn Đức Quang Anh","userId":"05768917261476937201"}},"outputId":"b4fb31e5-1f78-4d14-d85c-095324a4d08b"},"execution_count":null,"outputs":[{"output_type":"stream","name":"stderr","text":["<ipython-input-6-abacee1bb7e4>:2: UserWarning: PySoundFile failed. Trying audioread instead.\n","  samples, sample_rate = librosa.load(AUDIO_FILE, sr=None)\n","/usr/local/lib/python3.10/dist-packages/librosa/core/audio.py:184: FutureWarning: librosa.core.audio.__audioread_load\n","\tDeprecated as of librosa version 0.10.0.\n","\tIt will be removed in librosa version 1.0.\n","  y, sr_native = __audioread_load(path, offset, duration, dtype)\n"]},{"output_type":"error","ename":"IsADirectoryError","evalue":"ignored","traceback":["\u001b[0;31m---------------------------------------------------------------------------\u001b[0m","\u001b[0;31mLibsndfileError\u001b[0m                           Traceback (most recent call last)","\u001b[0;32m/usr/local/lib/python3.10/dist-packages/librosa/core/audio.py\u001b[0m in \u001b[0;36mload\u001b[0;34m(path, sr, mono, offset, duration, dtype, res_type)\u001b[0m\n\u001b[1;32m    175\u001b[0m         \u001b[0;32mtry\u001b[0m\u001b[0;34m:\u001b[0m\u001b[0;34m\u001b[0m\u001b[0;34m\u001b[0m\u001b[0m\n\u001b[0;32m--> 176\u001b[0;31m             \u001b[0my\u001b[0m\u001b[0;34m,\u001b[0m \u001b[0msr_native\u001b[0m \u001b[0;34m=\u001b[0m \u001b[0m__soundfile_load\u001b[0m\u001b[0;34m(\u001b[0m\u001b[0mpath\u001b[0m\u001b[0;34m,\u001b[0m \u001b[0moffset\u001b[0m\u001b[0;34m,\u001b[0m \u001b[0mduration\u001b[0m\u001b[0;34m,\u001b[0m \u001b[0mdtype\u001b[0m\u001b[0;34m)\u001b[0m\u001b[0;34m\u001b[0m\u001b[0;34m\u001b[0m\u001b[0m\n\u001b[0m\u001b[1;32m    177\u001b[0m \u001b[0;34m\u001b[0m\u001b[0m\n","\u001b[0;32m/usr/local/lib/python3.10/dist-packages/librosa/core/audio.py\u001b[0m in \u001b[0;36m__soundfile_load\u001b[0;34m(path, offset, duration, dtype)\u001b[0m\n\u001b[1;32m    208\u001b[0m         \u001b[0;31m# Otherwise, create the soundfile object\u001b[0m\u001b[0;34m\u001b[0m\u001b[0;34m\u001b[0m\u001b[0m\n\u001b[0;32m--> 209\u001b[0;31m         \u001b[0mcontext\u001b[0m \u001b[0;34m=\u001b[0m \u001b[0msf\u001b[0m\u001b[0;34m.\u001b[0m\u001b[0mSoundFile\u001b[0m\u001b[0;34m(\u001b[0m\u001b[0mpath\u001b[0m\u001b[0;34m)\u001b[0m\u001b[0;34m\u001b[0m\u001b[0;34m\u001b[0m\u001b[0m\n\u001b[0m\u001b[1;32m    210\u001b[0m \u001b[0;34m\u001b[0m\u001b[0m\n","\u001b[0;32m/usr/local/lib/python3.10/dist-packages/soundfile.py\u001b[0m in \u001b[0;36m__init__\u001b[0;34m(self, file, mode, samplerate, channels, subtype, endian, format, closefd)\u001b[0m\n\u001b[1;32m    657\u001b[0m                                          format, subtype, endian)\n\u001b[0;32m--> 658\u001b[0;31m         \u001b[0mself\u001b[0m\u001b[0;34m.\u001b[0m\u001b[0m_file\u001b[0m \u001b[0;34m=\u001b[0m \u001b[0mself\u001b[0m\u001b[0;34m.\u001b[0m\u001b[0m_open\u001b[0m\u001b[0;34m(\u001b[0m\u001b[0mfile\u001b[0m\u001b[0;34m,\u001b[0m \u001b[0mmode_int\u001b[0m\u001b[0;34m,\u001b[0m \u001b[0mclosefd\u001b[0m\u001b[0;34m)\u001b[0m\u001b[0;34m\u001b[0m\u001b[0;34m\u001b[0m\u001b[0m\n\u001b[0m\u001b[1;32m    659\u001b[0m         \u001b[0;32mif\u001b[0m \u001b[0mset\u001b[0m\u001b[0;34m(\u001b[0m\u001b[0mmode\u001b[0m\u001b[0;34m)\u001b[0m\u001b[0;34m.\u001b[0m\u001b[0missuperset\u001b[0m\u001b[0;34m(\u001b[0m\u001b[0;34m'r+'\u001b[0m\u001b[0;34m)\u001b[0m \u001b[0;32mand\u001b[0m \u001b[0mself\u001b[0m\u001b[0;34m.\u001b[0m\u001b[0mseekable\u001b[0m\u001b[0;34m(\u001b[0m\u001b[0;34m)\u001b[0m\u001b[0;34m:\u001b[0m\u001b[0;34m\u001b[0m\u001b[0;34m\u001b[0m\u001b[0m\n","\u001b[0;32m/usr/local/lib/python3.10/dist-packages/soundfile.py\u001b[0m in \u001b[0;36m_open\u001b[0;34m(self, file, mode_int, closefd)\u001b[0m\n\u001b[1;32m   1215\u001b[0m             \u001b[0merr\u001b[0m \u001b[0;34m=\u001b[0m \u001b[0m_snd\u001b[0m\u001b[0;34m.\u001b[0m\u001b[0msf_error\u001b[0m\u001b[0;34m(\u001b[0m\u001b[0mfile_ptr\u001b[0m\u001b[0;34m)\u001b[0m\u001b[0;34m\u001b[0m\u001b[0;34m\u001b[0m\u001b[0m\n\u001b[0;32m-> 1216\u001b[0;31m             \u001b[0;32mraise\u001b[0m \u001b[0mLibsndfileError\u001b[0m\u001b[0;34m(\u001b[0m\u001b[0merr\u001b[0m\u001b[0;34m,\u001b[0m \u001b[0mprefix\u001b[0m\u001b[0;34m=\u001b[0m\u001b[0;34m\"Error opening {0!r}: \"\u001b[0m\u001b[0;34m.\u001b[0m\u001b[0mformat\u001b[0m\u001b[0;34m(\u001b[0m\u001b[0mself\u001b[0m\u001b[0;34m.\u001b[0m\u001b[0mname\u001b[0m\u001b[0;34m)\u001b[0m\u001b[0;34m)\u001b[0m\u001b[0;34m\u001b[0m\u001b[0;34m\u001b[0m\u001b[0m\n\u001b[0m\u001b[1;32m   1217\u001b[0m         \u001b[0;32mif\u001b[0m \u001b[0mmode_int\u001b[0m \u001b[0;34m==\u001b[0m \u001b[0m_snd\u001b[0m\u001b[0;34m.\u001b[0m\u001b[0mSFM_WRITE\u001b[0m\u001b[0;34m:\u001b[0m\u001b[0;34m\u001b[0m\u001b[0;34m\u001b[0m\u001b[0m\n","\u001b[0;31mLibsndfileError\u001b[0m: Error opening '/content/drive/MyDrive/NCKH/Emotion_Reg/OutputTest': Format not recognised.","\nDuring handling of the above exception, another exception occurred:\n","\u001b[0;31mIsADirectoryError\u001b[0m                         Traceback (most recent call last)","\u001b[0;32m<ipython-input-6-abacee1bb7e4>\u001b[0m in \u001b[0;36m<cell line: 2>\u001b[0;34m()\u001b[0m\n\u001b[1;32m      1\u001b[0m \u001b[0mAUDIO_FILE\u001b[0m \u001b[0;34m=\u001b[0m \u001b[0;34m'/content/drive/MyDrive/NCKH/Emotion_Reg/OutputTest'\u001b[0m\u001b[0;34m\u001b[0m\u001b[0;34m\u001b[0m\u001b[0m\n\u001b[0;32m----> 2\u001b[0;31m \u001b[0msamples\u001b[0m\u001b[0;34m,\u001b[0m \u001b[0msample_rate\u001b[0m \u001b[0;34m=\u001b[0m \u001b[0mlibrosa\u001b[0m\u001b[0;34m.\u001b[0m\u001b[0mload\u001b[0m\u001b[0;34m(\u001b[0m\u001b[0mAUDIO_FILE\u001b[0m\u001b[0;34m,\u001b[0m \u001b[0msr\u001b[0m\u001b[0;34m=\u001b[0m\u001b[0;32mNone\u001b[0m\u001b[0;34m)\u001b[0m\u001b[0;34m\u001b[0m\u001b[0;34m\u001b[0m\u001b[0m\n\u001b[0m\u001b[1;32m      3\u001b[0m \u001b[0mprint\u001b[0m\u001b[0;34m(\u001b[0m\u001b[0;34m\"samples: \"\u001b[0m\u001b[0;34m,\u001b[0m \u001b[0msamples\u001b[0m\u001b[0;34m,\u001b[0m \u001b[0msamples\u001b[0m\u001b[0;34m.\u001b[0m\u001b[0mshape\u001b[0m\u001b[0;34m)\u001b[0m\u001b[0;34m\u001b[0m\u001b[0;34m\u001b[0m\u001b[0m\n\u001b[1;32m      4\u001b[0m \u001b[0mprint\u001b[0m\u001b[0;34m(\u001b[0m\u001b[0;34m\"sample_rate: \"\u001b[0m\u001b[0;34m,\u001b[0m \u001b[0msample_rate\u001b[0m\u001b[0;34m)\u001b[0m\u001b[0;34m\u001b[0m\u001b[0;34m\u001b[0m\u001b[0m\n","\u001b[0;32m/usr/local/lib/python3.10/dist-packages/librosa/core/audio.py\u001b[0m in \u001b[0;36mload\u001b[0;34m(path, sr, mono, offset, duration, dtype, res_type)\u001b[0m\n\u001b[1;32m    182\u001b[0m                     \u001b[0;34m\"PySoundFile failed. Trying audioread instead.\"\u001b[0m\u001b[0;34m,\u001b[0m \u001b[0mstacklevel\u001b[0m\u001b[0;34m=\u001b[0m\u001b[0;36m2\u001b[0m\u001b[0;34m\u001b[0m\u001b[0;34m\u001b[0m\u001b[0m\n\u001b[1;32m    183\u001b[0m                 )\n\u001b[0;32m--> 184\u001b[0;31m                 \u001b[0my\u001b[0m\u001b[0;34m,\u001b[0m \u001b[0msr_native\u001b[0m \u001b[0;34m=\u001b[0m \u001b[0m__audioread_load\u001b[0m\u001b[0;34m(\u001b[0m\u001b[0mpath\u001b[0m\u001b[0;34m,\u001b[0m \u001b[0moffset\u001b[0m\u001b[0;34m,\u001b[0m \u001b[0mduration\u001b[0m\u001b[0;34m,\u001b[0m \u001b[0mdtype\u001b[0m\u001b[0;34m)\u001b[0m\u001b[0;34m\u001b[0m\u001b[0;34m\u001b[0m\u001b[0m\n\u001b[0m\u001b[1;32m    185\u001b[0m             \u001b[0;32melse\u001b[0m\u001b[0;34m:\u001b[0m\u001b[0;34m\u001b[0m\u001b[0;34m\u001b[0m\u001b[0m\n\u001b[1;32m    186\u001b[0m                 \u001b[0;32mraise\u001b[0m \u001b[0mexc\u001b[0m\u001b[0;34m\u001b[0m\u001b[0;34m\u001b[0m\u001b[0m\n","\u001b[0;32m<decorator-gen-119>\u001b[0m in \u001b[0;36m__audioread_load\u001b[0;34m(path, offset, duration, dtype)\u001b[0m\n","\u001b[0;32m/usr/local/lib/python3.10/dist-packages/librosa/util/decorators.py\u001b[0m in \u001b[0;36m__wrapper\u001b[0;34m(func, *args, **kwargs)\u001b[0m\n\u001b[1;32m     58\u001b[0m             \u001b[0mstacklevel\u001b[0m\u001b[0;34m=\u001b[0m\u001b[0;36m3\u001b[0m\u001b[0;34m,\u001b[0m  \u001b[0;31m# Would be 2, but the decorator adds a level\u001b[0m\u001b[0;34m\u001b[0m\u001b[0;34m\u001b[0m\u001b[0m\n\u001b[1;32m     59\u001b[0m         )\n\u001b[0;32m---> 60\u001b[0;31m         \u001b[0;32mreturn\u001b[0m \u001b[0mfunc\u001b[0m\u001b[0;34m(\u001b[0m\u001b[0;34m*\u001b[0m\u001b[0margs\u001b[0m\u001b[0;34m,\u001b[0m \u001b[0;34m**\u001b[0m\u001b[0mkwargs\u001b[0m\u001b[0;34m)\u001b[0m\u001b[0;34m\u001b[0m\u001b[0;34m\u001b[0m\u001b[0m\n\u001b[0m\u001b[1;32m     61\u001b[0m \u001b[0;34m\u001b[0m\u001b[0m\n\u001b[1;32m     62\u001b[0m     \u001b[0;32mreturn\u001b[0m \u001b[0mdecorator\u001b[0m\u001b[0;34m(\u001b[0m\u001b[0m__wrapper\u001b[0m\u001b[0;34m)\u001b[0m\u001b[0;34m\u001b[0m\u001b[0;34m\u001b[0m\u001b[0m\n","\u001b[0;32m/usr/local/lib/python3.10/dist-packages/librosa/core/audio.py\u001b[0m in \u001b[0;36m__audioread_load\u001b[0;34m(path, offset, duration, dtype)\u001b[0m\n\u001b[1;32m    239\u001b[0m     \u001b[0;32melse\u001b[0m\u001b[0;34m:\u001b[0m\u001b[0;34m\u001b[0m\u001b[0;34m\u001b[0m\u001b[0m\n\u001b[1;32m    240\u001b[0m         \u001b[0;31m# If the input was not an audioread object, try to open it\u001b[0m\u001b[0;34m\u001b[0m\u001b[0;34m\u001b[0m\u001b[0m\n\u001b[0;32m--> 241\u001b[0;31m         \u001b[0mreader\u001b[0m \u001b[0;34m=\u001b[0m \u001b[0maudioread\u001b[0m\u001b[0;34m.\u001b[0m\u001b[0maudio_open\u001b[0m\u001b[0;34m(\u001b[0m\u001b[0mpath\u001b[0m\u001b[0;34m)\u001b[0m\u001b[0;34m\u001b[0m\u001b[0;34m\u001b[0m\u001b[0m\n\u001b[0m\u001b[1;32m    242\u001b[0m \u001b[0;34m\u001b[0m\u001b[0m\n\u001b[1;32m    243\u001b[0m     \u001b[0;32mwith\u001b[0m \u001b[0mreader\u001b[0m \u001b[0;32mas\u001b[0m \u001b[0minput_file\u001b[0m\u001b[0;34m:\u001b[0m\u001b[0;34m\u001b[0m\u001b[0;34m\u001b[0m\u001b[0m\n","\u001b[0;32m/usr/local/lib/python3.10/dist-packages/audioread/__init__.py\u001b[0m in \u001b[0;36maudio_open\u001b[0;34m(path, backends)\u001b[0m\n\u001b[1;32m    125\u001b[0m     \u001b[0;32mfor\u001b[0m \u001b[0mBackendClass\u001b[0m \u001b[0;32min\u001b[0m \u001b[0mbackends\u001b[0m\u001b[0;34m:\u001b[0m\u001b[0;34m\u001b[0m\u001b[0;34m\u001b[0m\u001b[0m\n\u001b[1;32m    126\u001b[0m         \u001b[0;32mtry\u001b[0m\u001b[0;34m:\u001b[0m\u001b[0;34m\u001b[0m\u001b[0;34m\u001b[0m\u001b[0m\n\u001b[0;32m--> 127\u001b[0;31m             \u001b[0;32mreturn\u001b[0m \u001b[0mBackendClass\u001b[0m\u001b[0;34m(\u001b[0m\u001b[0mpath\u001b[0m\u001b[0;34m)\u001b[0m\u001b[0;34m\u001b[0m\u001b[0;34m\u001b[0m\u001b[0m\n\u001b[0m\u001b[1;32m    128\u001b[0m         \u001b[0;32mexcept\u001b[0m \u001b[0mDecodeError\u001b[0m\u001b[0;34m:\u001b[0m\u001b[0;34m\u001b[0m\u001b[0;34m\u001b[0m\u001b[0m\n\u001b[1;32m    129\u001b[0m             \u001b[0;32mpass\u001b[0m\u001b[0;34m\u001b[0m\u001b[0;34m\u001b[0m\u001b[0m\n","\u001b[0;32m/usr/local/lib/python3.10/dist-packages/audioread/rawread.py\u001b[0m in \u001b[0;36m__init__\u001b[0;34m(self, filename)\u001b[0m\n\u001b[1;32m     57\u001b[0m     \"\"\"\n\u001b[1;32m     58\u001b[0m     \u001b[0;32mdef\u001b[0m \u001b[0m__init__\u001b[0m\u001b[0;34m(\u001b[0m\u001b[0mself\u001b[0m\u001b[0;34m,\u001b[0m \u001b[0mfilename\u001b[0m\u001b[0;34m)\u001b[0m\u001b[0;34m:\u001b[0m\u001b[0;34m\u001b[0m\u001b[0;34m\u001b[0m\u001b[0m\n\u001b[0;32m---> 59\u001b[0;31m         \u001b[0mself\u001b[0m\u001b[0;34m.\u001b[0m\u001b[0m_fh\u001b[0m \u001b[0;34m=\u001b[0m \u001b[0mopen\u001b[0m\u001b[0;34m(\u001b[0m\u001b[0mfilename\u001b[0m\u001b[0;34m,\u001b[0m \u001b[0;34m'rb'\u001b[0m\u001b[0;34m)\u001b[0m\u001b[0;34m\u001b[0m\u001b[0;34m\u001b[0m\u001b[0m\n\u001b[0m\u001b[1;32m     60\u001b[0m \u001b[0;34m\u001b[0m\u001b[0m\n\u001b[1;32m     61\u001b[0m         \u001b[0;32mtry\u001b[0m\u001b[0;34m:\u001b[0m\u001b[0;34m\u001b[0m\u001b[0;34m\u001b[0m\u001b[0m\n","\u001b[0;31mIsADirectoryError\u001b[0m: [Errno 21] Is a directory: '/content/drive/MyDrive/NCKH/Emotion_Reg/OutputTest'"]}]}]}